[ 2017-08-22T10:27:31+08:00 ] 192.168.224.253 /KnowledgeBase/index.php/Home/Index/index
INFO: [ app_init ] --START--
INFO: Run Behavior\BuildLiteBehavior [ RunTime:0.000042s ]
INFO: [ app_init ] --END-- [ RunTime:0.002893s ]
INFO: [ app_begin ] --START--
INFO: Run Behavior\ReadHtmlCacheBehavior [ RunTime:0.023483s ]
INFO: [ app_begin ] --END-- [ RunTime:0.023656s ]
NOTIC: [8] A session had already been started - ignoring session_start() C:\CNIntranet\KnowledgeBase\ThinkPHP\Common\functions.php 第 1263 行.

[ 2017-08-22T10:27:32+08:00 ] 192.168.224.253 /KnowledgeBase/index.php/Home/Index/index
INFO: [ app_init ] --START--
INFO: Run Behavior\BuildLiteBehavior [ RunTime:0.000039s ]
INFO: [ app_init ] --END-- [ RunTime:0.003961s ]
INFO: [ app_begin ] --START--
INFO: Run Behavior\ReadHtmlCacheBehavior [ RunTime:0.002582s ]
INFO: [ app_begin ] --END-- [ RunTime:0.002702s ]
NOTIC: [8] A session had already been started - ignoring session_start() C:\CNIntranet\KnowledgeBase\ThinkPHP\Common\functions.php 第 1263 行.
NOTIC: [8] Home\Controller\CommonController::refreshBaseInfo() [<a href='home\controller\commoncontroller.refreshbaseinfo'>home\controller\commoncontroller.refreshbaseinfo</a>]: The script tried to execute a method or access a property of an incomplete object. Please ensure that the class definition &quot;Employee&quot; of the object you are trying to operate on was loaded _before_ unserialize() gets called or provide a __autoload() function to load the class definition  C:\CNIntranet\KnowledgeBase\KnowledgeBase\Home\Controller\CommonController.class.php 第 30 行.
SQL: SHOW COLUMNS FROM `knowledge_base_admin` [ RunTime:0.0611s ]
INFO: [ view_parse ] --START--
INFO: [ template_filter ] --START--
INFO: Run Behavior\ContentReplaceBehavior [ RunTime:0.000126s ]
INFO: [ template_filter ] --END-- [ RunTime:0.000250s ]
INFO: Run Behavior\ParseTemplateBehavior [ RunTime:0.083909s ]
INFO: [ view_parse ] --END-- [ RunTime:0.084017s ]
INFO: [ view_filter ] --START--
INFO: Run Behavior\WriteHtmlCacheBehavior [ RunTime:0.019684s ]
INFO: [ view_filter ] --END-- [ RunTime:0.019797s ]
INFO: [ app_end ] --START--
INFO: Run Behavior\ShowPageTraceBehavior [ RunTime:0.007715s ]
INFO: [ app_end ] --END-- [ RunTime:0.007810s ]

[ 2017-08-22T10:27:32+08:00 ] 192.168.224.253 /KnowledgeBase/index.php/Home/Index/getAll
INFO: [ app_init ] --START--
INFO: Run Behavior\BuildLiteBehavior [ RunTime:0.000021s ]
INFO: [ app_init ] --END-- [ RunTime:0.000627s ]
INFO: [ app_begin ] --START--
INFO: Run Behavior\ReadHtmlCacheBehavior [ RunTime:0.004196s ]
INFO: [ app_begin ] --END-- [ RunTime:0.004277s ]
NOTIC: [8] A session had already been started - ignoring session_start() C:\CNIntranet\KnowledgeBase\ThinkPHP\Common\functions.php 第 1263 行.
NOTIC: [8] Home\Controller\CommonController::refreshBaseInfo() [<a href='home\controller\commoncontroller.refreshbaseinfo'>home\controller\commoncontroller.refreshbaseinfo</a>]: The script tried to execute a method or access a property of an incomplete object. Please ensure that the class definition &quot;Employee&quot; of the object you are trying to operate on was loaded _before_ unserialize() gets called or provide a __autoload() function to load the class definition  C:\CNIntranet\KnowledgeBase\KnowledgeBase\Home\Controller\CommonController.class.php 第 30 行.
SQL: SHOW COLUMNS FROM `knowledge_base_admin` [ RunTime:0.0173s ]
SQL: call kb('414') [ RunTime:0.1105s ]

[ 2017-08-22T10:28:28+08:00 ] 192.168.224.253 /KnowledgeBase/index.php/Home/Index/getAll
INFO: [ app_init ] --START--
INFO: Run Behavior\BuildLiteBehavior [ RunTime:0.000027s ]
INFO: [ app_init ] --END-- [ RunTime:0.000979s ]
INFO: [ app_begin ] --START--
INFO: Run Behavior\ReadHtmlCacheBehavior [ RunTime:0.001210s ]
INFO: [ app_begin ] --END-- [ RunTime:0.001317s ]
NOTIC: [8] A session had already been started - ignoring session_start() C:\CNIntranet\KnowledgeBase\ThinkPHP\Common\functions.php 第 1263 行.
NOTIC: [8] Home\Controller\CommonController::refreshBaseInfo() [<a href='home\controller\commoncontroller.refreshbaseinfo'>home\controller\commoncontroller.refreshbaseinfo</a>]: The script tried to execute a method or access a property of an incomplete object. Please ensure that the class definition &quot;Employee&quot; of the object you are trying to operate on was loaded _before_ unserialize() gets called or provide a __autoload() function to load the class definition  C:\CNIntranet\KnowledgeBase\KnowledgeBase\Home\Controller\CommonController.class.php 第 30 行.
SQL: SHOW COLUMNS FROM `knowledge_base_admin` [ RunTime:0.0057s ]
SQL: call kb('414') [ RunTime:0.0094s ]

