[ 2017-06-02T15:39:00+08:00 ] 192.168.225.32 /KnowledgeBase/index.php/Home/Index/index
INFO: [ app_init ] --START--
INFO: Run Behavior\BuildLiteBehavior [ RunTime:0.000036s ]
INFO: [ app_init ] --END-- [ RunTime:0.003036s ]
INFO: [ app_begin ] --START--
INFO: Run Behavior\ReadHtmlCacheBehavior [ RunTime:0.005173s ]
INFO: [ app_begin ] --END-- [ RunTime:0.005326s ]
NOTIC: [8] A session had already been started - ignoring session_start() C:\CNIntranet\KnowledgeBase\ThinkPHP\Common\functions.php 第 1263 行.

[ 2017-06-02T15:39:00+08:00 ] 192.168.225.32 /KnowledgeBase/index.php/Home/Index/index
INFO: [ app_init ] --START--
INFO: Run Behavior\BuildLiteBehavior [ RunTime:0.000028s ]
INFO: [ app_init ] --END-- [ RunTime:0.001402s ]
INFO: [ app_begin ] --START--
INFO: Run Behavior\ReadHtmlCacheBehavior [ RunTime:0.001218s ]
INFO: [ app_begin ] --END-- [ RunTime:0.001349s ]
NOTIC: [8] A session had already been started - ignoring session_start() C:\CNIntranet\KnowledgeBase\ThinkPHP\Common\functions.php 第 1263 行.
NOTIC: [8] Home\Controller\CommonController::refreshBaseInfo() [<a href='home\controller\commoncontroller.refreshbaseinfo'>home\controller\commoncontroller.refreshbaseinfo</a>]: The script tried to execute a method or access a property of an incomplete object. Please ensure that the class definition &quot;Employee&quot; of the object you are trying to operate on was loaded _before_ unserialize() gets called or provide a __autoload() function to load the class definition  C:\CNIntranet\KnowledgeBase\KnowledgeBase\Home\Controller\CommonController.class.php 第 30 行.
ERR: 1356:View 'recruit.knowledge_base' references invalid table(s) or column(s) or function(s) or definer/invoker of view lack rights to use them
 [ SQL语句 ] : SHOW COLUMNS FROM `knowledge_base`
ERR: 1356:View 'recruit.knowledge_base' references invalid table(s) or column(s) or function(s) or definer/invoker of view lack rights to use them
 [ SQL语句 ] : SHOW COLUMNS FROM `knowledge_base`

