[ 2017-07-12T14:08:39+08:00 ] 192.168.224.135 /KnowledgeBase/index.php/Home/Index/index
INFO: [ app_init ] --START--
INFO: Run Behavior\BuildLiteBehavior [ RunTime:0.000028s ]
INFO: [ app_init ] --END-- [ RunTime:0.001909s ]
INFO: [ app_begin ] --START--
INFO: Run Behavior\ReadHtmlCacheBehavior [ RunTime:0.011243s ]
INFO: [ app_begin ] --END-- [ RunTime:0.011377s ]
NOTIC: [8] A session had already been started - ignoring session_start() C:\CNIntranet\KnowledgeBase\ThinkPHP\Common\functions.php 第 1263 行.

[ 2017-07-12T14:08:40+08:00 ] 192.168.224.135 /KnowledgeBase/index.php/Home/Index/index
INFO: [ app_init ] --START--
INFO: Run Behavior\BuildLiteBehavior [ RunTime:0.000018s ]
INFO: [ app_init ] --END-- [ RunTime:0.000728s ]
INFO: [ app_begin ] --START--
INFO: Run Behavior\ReadHtmlCacheBehavior [ RunTime:0.001185s ]
INFO: [ app_begin ] --END-- [ RunTime:0.001288s ]
NOTIC: [8] A session had already been started - ignoring session_start() C:\CNIntranet\KnowledgeBase\ThinkPHP\Common\functions.php 第 1263 行.
NOTIC: [8] Home\Controller\CommonController::refreshBaseInfo() [<a href='home\controller\commoncontroller.refreshbaseinfo'>home\controller\commoncontroller.refreshbaseinfo</a>]: The script tried to execute a method or access a property of an incomplete object. Please ensure that the class definition &quot;Employee&quot; of the object you are trying to operate on was loaded _before_ unserialize() gets called or provide a __autoload() function to load the class definition  C:\CNIntranet\KnowledgeBase\KnowledgeBase\Home\Controller\CommonController.class.php 第 30 行.
SQL: SHOW COLUMNS FROM `knowledge_base_admin` [ RunTime:0.0751s ]
INFO: [ view_parse ] --START--
INFO: [ template_filter ] --START--
INFO: Run Behavior\ContentReplaceBehavior [ RunTime:0.000102s ]
INFO: [ template_filter ] --END-- [ RunTime:0.000213s ]
INFO: Run Behavior\ParseTemplateBehavior [ RunTime:0.088557s ]
INFO: [ view_parse ] --END-- [ RunTime:0.088659s ]
INFO: [ view_filter ] --START--
INFO: Run Behavior\WriteHtmlCacheBehavior [ RunTime:0.001673s ]
INFO: [ view_filter ] --END-- [ RunTime:0.001752s ]
INFO: [ app_end ] --START--
INFO: Run Behavior\ShowPageTraceBehavior [ RunTime:0.021866s ]
INFO: [ app_end ] --END-- [ RunTime:0.021977s ]

[ 2017-07-12T14:08:40+08:00 ] 192.168.224.135 /KnowledgeBase/index.php/Home/Index/getAll
INFO: [ app_init ] --START--
INFO: Run Behavior\BuildLiteBehavior [ RunTime:0.000029s ]
INFO: [ app_init ] --END-- [ RunTime:0.001039s ]
INFO: [ app_begin ] --START--
INFO: Run Behavior\ReadHtmlCacheBehavior [ RunTime:0.001570s ]
INFO: [ app_begin ] --END-- [ RunTime:0.001707s ]
NOTIC: [8] A session had already been started - ignoring session_start() C:\CNIntranet\KnowledgeBase\ThinkPHP\Common\functions.php 第 1263 行.
NOTIC: [8] Home\Controller\CommonController::refreshBaseInfo() [<a href='home\controller\commoncontroller.refreshbaseinfo'>home\controller\commoncontroller.refreshbaseinfo</a>]: The script tried to execute a method or access a property of an incomplete object. Please ensure that the class definition &quot;Employee&quot; of the object you are trying to operate on was loaded _before_ unserialize() gets called or provide a __autoload() function to load the class definition  C:\CNIntranet\KnowledgeBase\KnowledgeBase\Home\Controller\CommonController.class.php 第 30 行.
SQL: SHOW COLUMNS FROM `knowledge_base_admin` [ RunTime:0.0063s ]
SQL: call kb('182') [ RunTime:0.0695s ]

[ 2017-07-12T14:09:07+08:00 ] 192.168.224.135 /KnowledgeBase/index.php/Home/Index/updateFlag?like_flag=Y&article_id=37
INFO: [ app_init ] --START--
INFO: Run Behavior\BuildLiteBehavior [ RunTime:0.000025s ]
INFO: [ app_init ] --END-- [ RunTime:0.000900s ]
INFO: [ app_begin ] --START--
INFO: Run Behavior\ReadHtmlCacheBehavior [ RunTime:0.001312s ]
INFO: [ app_begin ] --END-- [ RunTime:0.001415s ]
NOTIC: [8] A session had already been started - ignoring session_start() C:\CNIntranet\KnowledgeBase\ThinkPHP\Common\functions.php 第 1263 行.
NOTIC: [8] Home\Controller\CommonController::refreshBaseInfo() [<a href='home\controller\commoncontroller.refreshbaseinfo'>home\controller\commoncontroller.refreshbaseinfo</a>]: The script tried to execute a method or access a property of an incomplete object. Please ensure that the class definition &quot;Employee&quot; of the object you are trying to operate on was loaded _before_ unserialize() gets called or provide a __autoload() function to load the class definition  C:\CNIntranet\KnowledgeBase\KnowledgeBase\Home\Controller\CommonController.class.php 第 30 行.
SQL: SHOW COLUMNS FROM `knowledge_base_admin` [ RunTime:0.0056s ]
SQL: call change_flag('182','Y','37') [ RunTime:0.0021s ]

[ 2017-07-12T14:09:08+08:00 ] 192.168.224.135 /KnowledgeBase/index.php/Home/Index/updateFlag?like_flag=Y&article_id=36
INFO: [ app_init ] --START--
INFO: Run Behavior\BuildLiteBehavior [ RunTime:0.000016s ]
INFO: [ app_init ] --END-- [ RunTime:0.000537s ]
INFO: [ app_begin ] --START--
INFO: Run Behavior\ReadHtmlCacheBehavior [ RunTime:0.000779s ]
INFO: [ app_begin ] --END-- [ RunTime:0.000842s ]
NOTIC: [8] A session had already been started - ignoring session_start() C:\CNIntranet\KnowledgeBase\ThinkPHP\Common\functions.php 第 1263 行.
NOTIC: [8] Home\Controller\CommonController::refreshBaseInfo() [<a href='home\controller\commoncontroller.refreshbaseinfo'>home\controller\commoncontroller.refreshbaseinfo</a>]: The script tried to execute a method or access a property of an incomplete object. Please ensure that the class definition &quot;Employee&quot; of the object you are trying to operate on was loaded _before_ unserialize() gets called or provide a __autoload() function to load the class definition  C:\CNIntranet\KnowledgeBase\KnowledgeBase\Home\Controller\CommonController.class.php 第 30 行.
SQL: SHOW COLUMNS FROM `knowledge_base_admin` [ RunTime:0.0035s ]
SQL: call change_flag('182','Y','36') [ RunTime:0.0052s ]

[ 2017-07-12T16:07:52+08:00 ] 192.168.225.79 /KnowledgeBase/index.php/Home/Index/index
INFO: [ app_init ] --START--
INFO: Run Behavior\BuildLiteBehavior [ RunTime:0.000024s ]
INFO: [ app_init ] --END-- [ RunTime:0.000834s ]
INFO: [ app_begin ] --START--
INFO: Run Behavior\ReadHtmlCacheBehavior [ RunTime:0.001308s ]
INFO: [ app_begin ] --END-- [ RunTime:0.001466s ]
NOTIC: [8] A session had already been started - ignoring session_start() C:\CNIntranet\KnowledgeBase\ThinkPHP\Common\functions.php 第 1263 行.

[ 2017-07-12T16:07:53+08:00 ] 192.168.225.79 /KnowledgeBase/index.php/Home/Index/index
INFO: [ app_init ] --START--
INFO: Run Behavior\BuildLiteBehavior [ RunTime:0.000020s ]
INFO: [ app_init ] --END-- [ RunTime:0.000637s ]
INFO: [ app_begin ] --START--
INFO: Run Behavior\ReadHtmlCacheBehavior [ RunTime:0.000948s ]
INFO: [ app_begin ] --END-- [ RunTime:0.001025s ]
NOTIC: [8] A session had already been started - ignoring session_start() C:\CNIntranet\KnowledgeBase\ThinkPHP\Common\functions.php 第 1263 行.
NOTIC: [8] Home\Controller\CommonController::refreshBaseInfo() [<a href='home\controller\commoncontroller.refreshbaseinfo'>home\controller\commoncontroller.refreshbaseinfo</a>]: The script tried to execute a method or access a property of an incomplete object. Please ensure that the class definition &quot;Employee&quot; of the object you are trying to operate on was loaded _before_ unserialize() gets called or provide a __autoload() function to load the class definition  C:\CNIntranet\KnowledgeBase\KnowledgeBase\Home\Controller\CommonController.class.php 第 30 行.
SQL: SHOW COLUMNS FROM `knowledge_base_admin` [ RunTime:0.0040s ]
INFO: [ view_parse ] --START--
INFO: [ template_filter ] --START--
INFO: Run Behavior\ContentReplaceBehavior [ RunTime:0.000091s ]
INFO: [ template_filter ] --END-- [ RunTime:0.000185s ]
INFO: Run Behavior\ParseTemplateBehavior [ RunTime:0.022112s ]
INFO: [ view_parse ] --END-- [ RunTime:0.022197s ]
INFO: [ view_filter ] --START--
INFO: Run Behavior\WriteHtmlCacheBehavior [ RunTime:0.000606s ]
INFO: [ view_filter ] --END-- [ RunTime:0.000670s ]
INFO: [ app_end ] --START--
INFO: Run Behavior\ShowPageTraceBehavior [ RunTime:0.000810s ]
INFO: [ app_end ] --END-- [ RunTime:0.000879s ]

[ 2017-07-12T16:07:53+08:00 ] 192.168.225.79 /KnowledgeBase/index.php/Home/Index/getAll
INFO: [ app_init ] --START--
INFO: Run Behavior\BuildLiteBehavior [ RunTime:0.000033s ]
INFO: [ app_init ] --END-- [ RunTime:0.001061s ]
INFO: [ app_begin ] --START--
INFO: Run Behavior\ReadHtmlCacheBehavior [ RunTime:0.001322s ]
INFO: [ app_begin ] --END-- [ RunTime:0.001442s ]
NOTIC: [8] A session had already been started - ignoring session_start() C:\CNIntranet\KnowledgeBase\ThinkPHP\Common\functions.php 第 1263 行.
NOTIC: [8] Home\Controller\CommonController::refreshBaseInfo() [<a href='home\controller\commoncontroller.refreshbaseinfo'>home\controller\commoncontroller.refreshbaseinfo</a>]: The script tried to execute a method or access a property of an incomplete object. Please ensure that the class definition &quot;Employee&quot; of the object you are trying to operate on was loaded _before_ unserialize() gets called or provide a __autoload() function to load the class definition  C:\CNIntranet\KnowledgeBase\KnowledgeBase\Home\Controller\CommonController.class.php 第 30 行.
SQL: SHOW COLUMNS FROM `knowledge_base_admin` [ RunTime:0.0062s ]
SQL: call kb('884') [ RunTime:0.0074s ]

