[ 2017-10-13T09:42:30+08:00 ] 192.168.224.235 /KnowledgeBase/index.php/Home/Index/index
INFO: [ app_init ] --START--
INFO: Run Behavior\BuildLiteBehavior [ RunTime:0.000029s ]
INFO: [ app_init ] --END-- [ RunTime:0.002800s ]
INFO: [ app_begin ] --START--
INFO: Run Behavior\ReadHtmlCacheBehavior [ RunTime:0.005408s ]
INFO: [ app_begin ] --END-- [ RunTime:0.005542s ]
NOTIC: [8] A session had already been started - ignoring session_start() C:\CNIntranet\KnowledgeBase\ThinkPHP\Common\functions.php 第 1263 行.

[ 2017-10-13T09:42:31+08:00 ] 192.168.224.235 /KnowledgeBase/index.php/Home/Index/index
INFO: [ app_init ] --START--
INFO: Run Behavior\BuildLiteBehavior [ RunTime:0.000025s ]
INFO: [ app_init ] --END-- [ RunTime:0.001037s ]
INFO: [ app_begin ] --START--
INFO: Run Behavior\ReadHtmlCacheBehavior [ RunTime:0.001388s ]
INFO: [ app_begin ] --END-- [ RunTime:0.001501s ]
NOTIC: [8] A session had already been started - ignoring session_start() C:\CNIntranet\KnowledgeBase\ThinkPHP\Common\functions.php 第 1263 行.
NOTIC: [8] Home\Controller\CommonController::refreshBaseInfo() [<a href='home\controller\commoncontroller.refreshbaseinfo'>home\controller\commoncontroller.refreshbaseinfo</a>]: The script tried to execute a method or access a property of an incomplete object. Please ensure that the class definition &quot;Employee&quot; of the object you are trying to operate on was loaded _before_ unserialize() gets called or provide a __autoload() function to load the class definition  C:\CNIntranet\KnowledgeBase\KnowledgeBase\Home\Controller\CommonController.class.php 第 30 行.
SQL: SHOW COLUMNS FROM `knowledge_base_admin` [ RunTime:0.0075s ]
INFO: [ view_parse ] --START--
INFO: [ template_filter ] --START--
INFO: Run Behavior\ContentReplaceBehavior [ RunTime:0.000159s ]
INFO: [ template_filter ] --END-- [ RunTime:0.000300s ]
INFO: Run Behavior\ParseTemplateBehavior [ RunTime:0.085210s ]
INFO: [ view_parse ] --END-- [ RunTime:0.085364s ]
INFO: [ view_filter ] --START--
INFO: Run Behavior\WriteHtmlCacheBehavior [ RunTime:0.003506s ]
INFO: [ view_filter ] --END-- [ RunTime:0.003617s ]
INFO: [ app_end ] --START--
INFO: Run Behavior\ShowPageTraceBehavior [ RunTime:0.003543s ]
INFO: [ app_end ] --END-- [ RunTime:0.003660s ]

[ 2017-10-13T09:42:31+08:00 ] 192.168.224.235 /KnowledgeBase/index.php/Home/Index/getAll
INFO: [ app_init ] --START--
INFO: Run Behavior\BuildLiteBehavior [ RunTime:0.000021s ]
INFO: [ app_init ] --END-- [ RunTime:0.000794s ]
INFO: [ app_begin ] --START--
INFO: Run Behavior\ReadHtmlCacheBehavior [ RunTime:0.001803s ]
INFO: [ app_begin ] --END-- [ RunTime:0.002161s ]
NOTIC: [8] A session had already been started - ignoring session_start() C:\CNIntranet\KnowledgeBase\ThinkPHP\Common\functions.php 第 1263 行.
NOTIC: [8] Home\Controller\CommonController::refreshBaseInfo() [<a href='home\controller\commoncontroller.refreshbaseinfo'>home\controller\commoncontroller.refreshbaseinfo</a>]: The script tried to execute a method or access a property of an incomplete object. Please ensure that the class definition &quot;Employee&quot; of the object you are trying to operate on was loaded _before_ unserialize() gets called or provide a __autoload() function to load the class definition  C:\CNIntranet\KnowledgeBase\KnowledgeBase\Home\Controller\CommonController.class.php 第 30 行.
SQL: SHOW COLUMNS FROM `knowledge_base_admin` [ RunTime:0.0062s ]
SQL: call kb('414') [ RunTime:0.0152s ]

[ 2017-10-13T11:32:46+08:00 ] 192.168.226.128 /KnowledgeBase/index.php/Home/Index/index
INFO: [ app_init ] --START--
INFO: Run Behavior\BuildLiteBehavior [ RunTime:0.000025s ]
INFO: [ app_init ] --END-- [ RunTime:0.001098s ]
INFO: [ app_begin ] --START--
INFO: Run Behavior\ReadHtmlCacheBehavior [ RunTime:0.001638s ]
INFO: [ app_begin ] --END-- [ RunTime:0.001751s ]
NOTIC: [8] A session had already been started - ignoring session_start() C:\CNIntranet\KnowledgeBase\ThinkPHP\Common\functions.php 第 1263 行.

[ 2017-10-13T11:32:46+08:00 ] 192.168.226.128 /KnowledgeBase/index.php/Home/Index/index
INFO: [ app_init ] --START--
INFO: Run Behavior\BuildLiteBehavior [ RunTime:0.000026s ]
INFO: [ app_init ] --END-- [ RunTime:0.000769s ]
INFO: [ app_begin ] --START--
INFO: Run Behavior\ReadHtmlCacheBehavior [ RunTime:0.001022s ]
INFO: [ app_begin ] --END-- [ RunTime:0.001139s ]
NOTIC: [8] A session had already been started - ignoring session_start() C:\CNIntranet\KnowledgeBase\ThinkPHP\Common\functions.php 第 1263 行.
NOTIC: [8] Home\Controller\CommonController::refreshBaseInfo() [<a href='home\controller\commoncontroller.refreshbaseinfo'>home\controller\commoncontroller.refreshbaseinfo</a>]: The script tried to execute a method or access a property of an incomplete object. Please ensure that the class definition &quot;Employee&quot; of the object you are trying to operate on was loaded _before_ unserialize() gets called or provide a __autoload() function to load the class definition  C:\CNIntranet\KnowledgeBase\KnowledgeBase\Home\Controller\CommonController.class.php 第 30 行.
SQL: SHOW COLUMNS FROM `knowledge_base_admin` [ RunTime:0.0075s ]
INFO: [ view_parse ] --START--
INFO: [ template_filter ] --START--
INFO: Run Behavior\ContentReplaceBehavior [ RunTime:0.000147s ]
INFO: [ template_filter ] --END-- [ RunTime:0.000269s ]
INFO: Run Behavior\ParseTemplateBehavior [ RunTime:0.038585s ]
INFO: [ view_parse ] --END-- [ RunTime:0.038713s ]
INFO: [ view_filter ] --START--
INFO: Run Behavior\WriteHtmlCacheBehavior [ RunTime:0.001245s ]
INFO: [ view_filter ] --END-- [ RunTime:0.001344s ]
INFO: [ app_end ] --START--
INFO: Run Behavior\ShowPageTraceBehavior [ RunTime:0.001797s ]
INFO: [ app_end ] --END-- [ RunTime:0.001903s ]

[ 2017-10-13T11:32:47+08:00 ] 192.168.226.128 /KnowledgeBase/index.php/Home/Index/getAll
INFO: [ app_init ] --START--
INFO: Run Behavior\BuildLiteBehavior [ RunTime:0.000026s ]
INFO: [ app_init ] --END-- [ RunTime:0.000730s ]
INFO: [ app_begin ] --START--
INFO: Run Behavior\ReadHtmlCacheBehavior [ RunTime:0.001030s ]
INFO: [ app_begin ] --END-- [ RunTime:0.001134s ]
NOTIC: [8] A session had already been started - ignoring session_start() C:\CNIntranet\KnowledgeBase\ThinkPHP\Common\functions.php 第 1263 行.
NOTIC: [8] Home\Controller\CommonController::refreshBaseInfo() [<a href='home\controller\commoncontroller.refreshbaseinfo'>home\controller\commoncontroller.refreshbaseinfo</a>]: The script tried to execute a method or access a property of an incomplete object. Please ensure that the class definition &quot;Employee&quot; of the object you are trying to operate on was loaded _before_ unserialize() gets called or provide a __autoload() function to load the class definition  C:\CNIntranet\KnowledgeBase\KnowledgeBase\Home\Controller\CommonController.class.php 第 30 行.
SQL: SHOW COLUMNS FROM `knowledge_base_admin` [ RunTime:0.0067s ]
SQL: call kb('938') [ RunTime:0.0154s ]

[ 2017-10-13T11:33:24+08:00 ] 192.168.226.128 /KnowledgeBase/index.php/Home/Index/addArticle?author=Feifei%20Li&title=XML%20Generator%20-%20export%20xml%20file%20per%20xsd&url=https://confluence.merkleinc.com/display/TSGDev/XML+Generator+-+export+xml+file+per+xsd&subject=Informatica&create_date=2017-10-13
INFO: [ app_init ] --START--
INFO: Run Behavior\BuildLiteBehavior [ RunTime:0.000022s ]
INFO: [ app_init ] --END-- [ RunTime:0.000630s ]
INFO: [ app_begin ] --START--
INFO: Run Behavior\ReadHtmlCacheBehavior [ RunTime:0.000857s ]
INFO: [ app_begin ] --END-- [ RunTime:0.000950s ]
NOTIC: [8] A session had already been started - ignoring session_start() C:\CNIntranet\KnowledgeBase\ThinkPHP\Common\functions.php 第 1263 行.
NOTIC: [8] Home\Controller\CommonController::refreshBaseInfo() [<a href='home\controller\commoncontroller.refreshbaseinfo'>home\controller\commoncontroller.refreshbaseinfo</a>]: The script tried to execute a method or access a property of an incomplete object. Please ensure that the class definition &quot;Employee&quot; of the object you are trying to operate on was loaded _before_ unserialize() gets called or provide a __autoload() function to load the class definition  C:\CNIntranet\KnowledgeBase\KnowledgeBase\Home\Controller\CommonController.class.php 第 30 行.
SQL: SHOW COLUMNS FROM `knowledge_base_admin` [ RunTime:0.0078s ]
SQL: call add_article('938','Feifei Li','XML Generator - export xml file per xsd','https://confluence.merkleinc.com/display/TSGDev/XML Generator - export xml file per xsd','Informatica','2017-10-13') [ RunTime:0.0033s ]
NOTIC: [2] Cannot modify header information - headers already sent by (output started at C:\CNIntranet\KnowledgeBase\KnowledgeBase\Home\Controller\IndexController.class.php:29) C:\CNIntranet\KnowledgeBase\ThinkPHP\Library\Think\Controller.class.php 第 215 行.

[ 2017-10-13T11:33:27+08:00 ] 192.168.226.128 /KnowledgeBase/index.php/Home/Index/index
INFO: [ app_init ] --START--
INFO: Run Behavior\BuildLiteBehavior [ RunTime:0.000016s ]
INFO: [ app_init ] --END-- [ RunTime:0.000456s ]
INFO: [ app_begin ] --START--
INFO: Run Behavior\ReadHtmlCacheBehavior [ RunTime:0.000606s ]
INFO: [ app_begin ] --END-- [ RunTime:0.000677s ]
NOTIC: [8] A session had already been started - ignoring session_start() C:\CNIntranet\KnowledgeBase\ThinkPHP\Common\functions.php 第 1263 行.
NOTIC: [8] Home\Controller\CommonController::refreshBaseInfo() [<a href='home\controller\commoncontroller.refreshbaseinfo'>home\controller\commoncontroller.refreshbaseinfo</a>]: The script tried to execute a method or access a property of an incomplete object. Please ensure that the class definition &quot;Employee&quot; of the object you are trying to operate on was loaded _before_ unserialize() gets called or provide a __autoload() function to load the class definition  C:\CNIntranet\KnowledgeBase\KnowledgeBase\Home\Controller\CommonController.class.php 第 30 行.
SQL: SHOW COLUMNS FROM `knowledge_base_admin` [ RunTime:0.0049s ]
INFO: [ view_parse ] --START--
INFO: [ template_filter ] --START--
INFO: Run Behavior\ContentReplaceBehavior [ RunTime:0.000096s ]
INFO: [ template_filter ] --END-- [ RunTime:0.000185s ]
INFO: Run Behavior\ParseTemplateBehavior [ RunTime:0.011587s ]
INFO: [ view_parse ] --END-- [ RunTime:0.011667s ]
INFO: [ view_filter ] --START--
INFO: Run Behavior\WriteHtmlCacheBehavior [ RunTime:0.000509s ]
INFO: [ view_filter ] --END-- [ RunTime:0.000567s ]
INFO: [ app_end ] --START--
INFO: Run Behavior\ShowPageTraceBehavior [ RunTime:0.000764s ]
INFO: [ app_end ] --END-- [ RunTime:0.000826s ]

[ 2017-10-13T11:33:28+08:00 ] 192.168.226.128 /KnowledgeBase/index.php/Home/Index/getAll
INFO: [ app_init ] --START--
INFO: Run Behavior\BuildLiteBehavior [ RunTime:0.000016s ]
INFO: [ app_init ] --END-- [ RunTime:0.000393s ]
INFO: [ app_begin ] --START--
INFO: Run Behavior\ReadHtmlCacheBehavior [ RunTime:0.000519s ]
INFO: [ app_begin ] --END-- [ RunTime:0.000573s ]
NOTIC: [8] A session had already been started - ignoring session_start() C:\CNIntranet\KnowledgeBase\ThinkPHP\Common\functions.php 第 1263 行.
NOTIC: [8] Home\Controller\CommonController::refreshBaseInfo() [<a href='home\controller\commoncontroller.refreshbaseinfo'>home\controller\commoncontroller.refreshbaseinfo</a>]: The script tried to execute a method or access a property of an incomplete object. Please ensure that the class definition &quot;Employee&quot; of the object you are trying to operate on was loaded _before_ unserialize() gets called or provide a __autoload() function to load the class definition  C:\CNIntranet\KnowledgeBase\KnowledgeBase\Home\Controller\CommonController.class.php 第 30 行.
SQL: SHOW COLUMNS FROM `knowledge_base_admin` [ RunTime:0.0037s ]
SQL: call kb('938') [ RunTime:0.0076s ]

[ 2017-10-13T14:30:39+08:00 ] 192.168.224.235 /KnowledgeBase/index.php/Home/Index/index
INFO: [ app_init ] --START--
INFO: Run Behavior\BuildLiteBehavior [ RunTime:0.000018s ]
INFO: [ app_init ] --END-- [ RunTime:0.000673s ]
INFO: [ app_begin ] --START--
INFO: Run Behavior\ReadHtmlCacheBehavior [ RunTime:0.000788s ]
INFO: [ app_begin ] --END-- [ RunTime:0.000854s ]
NOTIC: [8] A session had already been started - ignoring session_start() C:\CNIntranet\KnowledgeBase\ThinkPHP\Common\functions.php 第 1263 行.
NOTIC: [8] Home\Controller\CommonController::refreshBaseInfo() [<a href='home\controller\commoncontroller.refreshbaseinfo'>home\controller\commoncontroller.refreshbaseinfo</a>]: The script tried to execute a method or access a property of an incomplete object. Please ensure that the class definition &quot;Employee&quot; of the object you are trying to operate on was loaded _before_ unserialize() gets called or provide a __autoload() function to load the class definition  C:\CNIntranet\KnowledgeBase\KnowledgeBase\Home\Controller\CommonController.class.php 第 30 行.
SQL: SHOW COLUMNS FROM `knowledge_base_admin` [ RunTime:0.0060s ]
INFO: [ view_parse ] --START--
INFO: [ template_filter ] --START--
INFO: Run Behavior\ContentReplaceBehavior [ RunTime:0.000135s ]
INFO: [ template_filter ] --END-- [ RunTime:0.000272s ]
INFO: Run Behavior\ParseTemplateBehavior [ RunTime:0.049534s ]
INFO: [ view_parse ] --END-- [ RunTime:0.049650s ]
INFO: [ view_filter ] --START--
INFO: Run Behavior\WriteHtmlCacheBehavior [ RunTime:0.000980s ]
INFO: [ view_filter ] --END-- [ RunTime:0.001076s ]
INFO: [ app_end ] --START--
INFO: Run Behavior\ShowPageTraceBehavior [ RunTime:0.001323s ]
INFO: [ app_end ] --END-- [ RunTime:0.001417s ]

[ 2017-10-13T14:30:39+08:00 ] 192.168.224.235 /KnowledgeBase/index.php/Home/Index/getAll
INFO: [ app_init ] --START--
INFO: Run Behavior\BuildLiteBehavior [ RunTime:0.000023s ]
INFO: [ app_init ] --END-- [ RunTime:0.003087s ]
INFO: [ app_begin ] --START--
INFO: Run Behavior\ReadHtmlCacheBehavior [ RunTime:0.001901s ]
INFO: [ app_begin ] --END-- [ RunTime:0.003059s ]
NOTIC: [8] A session had already been started - ignoring session_start() C:\CNIntranet\KnowledgeBase\ThinkPHP\Common\functions.php 第 1263 行.
NOTIC: [8] Home\Controller\CommonController::refreshBaseInfo() [<a href='home\controller\commoncontroller.refreshbaseinfo'>home\controller\commoncontroller.refreshbaseinfo</a>]: The script tried to execute a method or access a property of an incomplete object. Please ensure that the class definition &quot;Employee&quot; of the object you are trying to operate on was loaded _before_ unserialize() gets called or provide a __autoload() function to load the class definition  C:\CNIntranet\KnowledgeBase\KnowledgeBase\Home\Controller\CommonController.class.php 第 30 行.
SQL: SHOW COLUMNS FROM `knowledge_base_admin` [ RunTime:0.0047s ]
SQL: call kb('414') [ RunTime:0.0140s ]

[ 2017-10-13T14:30:41+08:00 ] 192.168.224.235 /KnowledgeBase/index.php/Home/Index/updateFlag?like_flag=Y&article_id=57
INFO: [ app_init ] --START--
INFO: Run Behavior\BuildLiteBehavior [ RunTime:0.000023s ]
INFO: [ app_init ] --END-- [ RunTime:0.001207s ]
INFO: [ app_begin ] --START--
INFO: Run Behavior\ReadHtmlCacheBehavior [ RunTime:0.000774s ]
INFO: [ app_begin ] --END-- [ RunTime:0.000863s ]
NOTIC: [8] A session had already been started - ignoring session_start() C:\CNIntranet\KnowledgeBase\ThinkPHP\Common\functions.php 第 1263 行.
NOTIC: [8] Home\Controller\CommonController::refreshBaseInfo() [<a href='home\controller\commoncontroller.refreshbaseinfo'>home\controller\commoncontroller.refreshbaseinfo</a>]: The script tried to execute a method or access a property of an incomplete object. Please ensure that the class definition &quot;Employee&quot; of the object you are trying to operate on was loaded _before_ unserialize() gets called or provide a __autoload() function to load the class definition  C:\CNIntranet\KnowledgeBase\KnowledgeBase\Home\Controller\CommonController.class.php 第 30 行.
SQL: SHOW COLUMNS FROM `knowledge_base_admin` [ RunTime:0.0059s ]
SQL: call change_flag('414','Y','57') [ RunTime:0.0025s ]

