[ 2017-10-10T15:12:32+08:00 ] 192.168.224.171 /KnowledgeBase/index.php/Home/Index/index
INFO: [ app_init ] --START--
INFO: Run Behavior\BuildLiteBehavior [ RunTime:0.000029s ]
INFO: [ app_init ] --END-- [ RunTime:0.002493s ]
INFO: [ app_begin ] --START--
INFO: Run Behavior\ReadHtmlCacheBehavior [ RunTime:0.023989s ]
INFO: [ app_begin ] --END-- [ RunTime:0.024130s ]
NOTIC: [8] A session had already been started - ignoring session_start() C:\CNIntranet\KnowledgeBase\ThinkPHP\Common\functions.php 第 1263 行.

[ 2017-10-10T15:12:32+08:00 ] 192.168.224.171 /KnowledgeBase/index.php/Home/Index/index
INFO: [ app_init ] --START--
INFO: Run Behavior\BuildLiteBehavior [ RunTime:0.000032s ]
INFO: [ app_init ] --END-- [ RunTime:0.001198s ]
INFO: [ app_begin ] --START--
INFO: Run Behavior\ReadHtmlCacheBehavior [ RunTime:0.001555s ]
INFO: [ app_begin ] --END-- [ RunTime:0.001670s ]
NOTIC: [8] A session had already been started - ignoring session_start() C:\CNIntranet\KnowledgeBase\ThinkPHP\Common\functions.php 第 1263 行.
NOTIC: [8] Home\Controller\CommonController::refreshBaseInfo() [<a href='home\controller\commoncontroller.refreshbaseinfo'>home\controller\commoncontroller.refreshbaseinfo</a>]: The script tried to execute a method or access a property of an incomplete object. Please ensure that the class definition &quot;Employee&quot; of the object you are trying to operate on was loaded _before_ unserialize() gets called or provide a __autoload() function to load the class definition  C:\CNIntranet\KnowledgeBase\KnowledgeBase\Home\Controller\CommonController.class.php 第 30 行.
SQL: SHOW COLUMNS FROM `knowledge_base_admin` [ RunTime:0.0072s ]
INFO: [ view_parse ] --START--
INFO: [ template_filter ] --START--
INFO: Run Behavior\ContentReplaceBehavior [ RunTime:0.000162s ]
INFO: [ template_filter ] --END-- [ RunTime:0.000300s ]
INFO: Run Behavior\ParseTemplateBehavior [ RunTime:0.112788s ]
INFO: [ view_parse ] --END-- [ RunTime:0.112928s ]
INFO: [ view_filter ] --START--
INFO: Run Behavior\WriteHtmlCacheBehavior [ RunTime:0.023213s ]
INFO: [ view_filter ] --END-- [ RunTime:0.023321s ]
INFO: [ app_end ] --START--
INFO: Run Behavior\ShowPageTraceBehavior [ RunTime:0.010665s ]
INFO: [ app_end ] --END-- [ RunTime:0.010782s ]

[ 2017-10-10T15:12:33+08:00 ] 192.168.224.171 /KnowledgeBase/index.php/Home/Index/getAll
INFO: [ app_init ] --START--
INFO: Run Behavior\BuildLiteBehavior [ RunTime:0.000024s ]
INFO: [ app_init ] --END-- [ RunTime:0.000885s ]
INFO: [ app_begin ] --START--
INFO: Run Behavior\ReadHtmlCacheBehavior [ RunTime:0.001131s ]
INFO: [ app_begin ] --END-- [ RunTime:0.001234s ]
NOTIC: [8] A session had already been started - ignoring session_start() C:\CNIntranet\KnowledgeBase\ThinkPHP\Common\functions.php 第 1263 行.
NOTIC: [8] Home\Controller\CommonController::refreshBaseInfo() [<a href='home\controller\commoncontroller.refreshbaseinfo'>home\controller\commoncontroller.refreshbaseinfo</a>]: The script tried to execute a method or access a property of an incomplete object. Please ensure that the class definition &quot;Employee&quot; of the object you are trying to operate on was loaded _before_ unserialize() gets called or provide a __autoload() function to load the class definition  C:\CNIntranet\KnowledgeBase\KnowledgeBase\Home\Controller\CommonController.class.php 第 30 行.
SQL: SHOW COLUMNS FROM `knowledge_base_admin` [ RunTime:0.0063s ]
SQL: call kb('1094') [ RunTime:0.0242s ]

[ 2017-10-10T15:12:50+08:00 ] 192.168.224.171 /KnowledgeBase/index.php/Home/Index/index
INFO: [ app_init ] --START--
INFO: Run Behavior\BuildLiteBehavior [ RunTime:0.000026s ]
INFO: [ app_init ] --END-- [ RunTime:0.000891s ]
INFO: [ app_begin ] --START--
INFO: Run Behavior\ReadHtmlCacheBehavior [ RunTime:0.001185s ]
INFO: [ app_begin ] --END-- [ RunTime:0.001297s ]
NOTIC: [8] A session had already been started - ignoring session_start() C:\CNIntranet\KnowledgeBase\ThinkPHP\Common\functions.php 第 1263 行.

[ 2017-10-10T15:12:50+08:00 ] 192.168.224.171 /KnowledgeBase/index.php/Home/Index/index
INFO: [ app_init ] --START--
INFO: Run Behavior\BuildLiteBehavior [ RunTime:0.000022s ]
INFO: [ app_init ] --END-- [ RunTime:0.000837s ]
INFO: [ app_begin ] --START--
INFO: Run Behavior\ReadHtmlCacheBehavior [ RunTime:0.001193s ]
INFO: [ app_begin ] --END-- [ RunTime:0.001299s ]
NOTIC: [8] A session had already been started - ignoring session_start() C:\CNIntranet\KnowledgeBase\ThinkPHP\Common\functions.php 第 1263 行.
NOTIC: [8] Home\Controller\CommonController::refreshBaseInfo() [<a href='home\controller\commoncontroller.refreshbaseinfo'>home\controller\commoncontroller.refreshbaseinfo</a>]: The script tried to execute a method or access a property of an incomplete object. Please ensure that the class definition &quot;Employee&quot; of the object you are trying to operate on was loaded _before_ unserialize() gets called or provide a __autoload() function to load the class definition  C:\CNIntranet\KnowledgeBase\KnowledgeBase\Home\Controller\CommonController.class.php 第 30 行.
SQL: SHOW COLUMNS FROM `knowledge_base_admin` [ RunTime:0.0054s ]
INFO: [ view_parse ] --START--
INFO: [ template_filter ] --START--
INFO: Run Behavior\ContentReplaceBehavior [ RunTime:0.000112s ]
INFO: [ template_filter ] --END-- [ RunTime:0.000199s ]
INFO: Run Behavior\ParseTemplateBehavior [ RunTime:0.013405s ]
INFO: [ view_parse ] --END-- [ RunTime:0.013507s ]
INFO: [ view_filter ] --START--
INFO: Run Behavior\WriteHtmlCacheBehavior [ RunTime:0.000634s ]
INFO: [ view_filter ] --END-- [ RunTime:0.000709s ]
INFO: [ app_end ] --START--
INFO: Run Behavior\ShowPageTraceBehavior [ RunTime:0.000963s ]
INFO: [ app_end ] --END-- [ RunTime:0.001046s ]

[ 2017-10-10T15:12:50+08:00 ] 192.168.224.171 /KnowledgeBase/index.php/Home/Index/getAll
INFO: [ app_init ] --START--
INFO: Run Behavior\BuildLiteBehavior [ RunTime:0.000026s ]
INFO: [ app_init ] --END-- [ RunTime:0.000904s ]
INFO: [ app_begin ] --START--
INFO: Run Behavior\ReadHtmlCacheBehavior [ RunTime:0.001275s ]
INFO: [ app_begin ] --END-- [ RunTime:0.001381s ]
NOTIC: [8] A session had already been started - ignoring session_start() C:\CNIntranet\KnowledgeBase\ThinkPHP\Common\functions.php 第 1263 行.
NOTIC: [8] Home\Controller\CommonController::refreshBaseInfo() [<a href='home\controller\commoncontroller.refreshbaseinfo'>home\controller\commoncontroller.refreshbaseinfo</a>]: The script tried to execute a method or access a property of an incomplete object. Please ensure that the class definition &quot;Employee&quot; of the object you are trying to operate on was loaded _before_ unserialize() gets called or provide a __autoload() function to load the class definition  C:\CNIntranet\KnowledgeBase\KnowledgeBase\Home\Controller\CommonController.class.php 第 30 行.
SQL: SHOW COLUMNS FROM `knowledge_base_admin` [ RunTime:0.0160s ]
SQL: call kb('1094') [ RunTime:0.0129s ]

